<?xml version="1.0" encoding="UTF-8"?>
<testng-results ignored="0" total="1" passed="1" failed="0" skipped="0">
  <reporter-output>
  </reporter-output>
  <suite started-at="2023-03-07T19:20:20 EST" name="Default suite" finished-at="2023-03-07T19:20:30 EST" duration-ms="9437">
    <groups>
    </groups>
    <test started-at="2023-03-07T19:20:20 EST" name="Default test" finished-at="2023-03-07T19:20:30 EST" duration-ms="9437">
      <class name="TheAppLabb.Appium.AppiumBasics">
        <test-method signature="AppiumTest()[pri:0, instance:TheAppLabb.Appium.AppiumBasics@50ad3bc1]" started-at="2023-03-07T19:20:20 EST" name="AppiumTest" finished-at="2023-03-07T19:20:30 EST" duration-ms="9386" status="PASS">
          <reporter-output>
          </reporter-output>
        </test-method> <!-- AppiumTest -->
      </class> <!-- TheAppLabb.Appium.AppiumBasics -->
    </test> <!-- Default test -->
  </suite> <!-- Default suite -->
</testng-results>
